<?xml version="1.0" encoding="UTF-8"?>
<!-- Generated by org.testng.reporters.JUnitReportReporter -->
<testsuite hostname="JCPSI87H3" failures="0" tests="1" name="com.automation.TestCases.UserModuleTestSuite" time="2.496" errors="0" timestamp="2024-03-09T00:20:28 IST" skipped="0">
  <testcase classname="com.automation.TestCases.UserModuleTestSuite" name="CreateuserTest" time="2.496"/>
  <system-out/>
</testsuite> <!-- com.automation.TestCases.UserModuleTestSuite -->
