<?xml version="1.0" encoding="UTF-8"?>
<!-- Generated by org.testng.reporters.JUnitReportReporter -->
<testsuite hostname="JCPSI87H3" failures="0" tests="4" name="com.automation.TestSuites.UserModuleTestCases" time="7.082" errors="0" timestamp="2024-03-10T21:30:52 IST" skipped="0">
  <testcase classname="com.automation.TestSuites.UserModuleTestCases" name="CreateuserTest" time="2.707"/>
  <system-out/>
  <testcase classname="com.automation.TestSuites.UserModuleTestCases" name="getUserTest" time="1.085"/>
  <system-out/>
  <testcase classname="com.automation.TestSuites.UserModuleTestCases" name="updateUserTest" time="2.228"/>
  <system-out/>
  <testcase classname="com.automation.TestSuites.UserModuleTestCases" name="deleteUserTest" time="1.062"/>
  <system-out/>
</testsuite> <!-- com.automation.TestSuites.UserModuleTestCases -->
